{"level":"info","message":"Parameters 20 and 21 received for addition","service":"calculate-service"}
{"level":"error","message":"n2 is incorrectly defined","service":"calculate-service"}
{"level":"info","message":"Parameters 14 and 13 received for addition","service":"calculate-service"}
{"level":"info","message":"Parameters 14 and 13 received for addition","service":"calculate-service"}
{"level":"info","message":"Parameters 14 and 13 received for addition","service":"calculate-service"}
{"level":"info","message":"Parameters 1 and 2 received for addition","service":"calculate-service"}
{"level":"info","message":"Parameters 1 and 2 received for addition","service":"calculate-service"}
{"level":"info","message":"Parameters 1 and 2 received for addition","service":"calculate-service"}
{"level":"info","message":"Parameters 1 and 2 received for addition","service":"calculate-service"}
{"level":"info","message":"Parameters 1 and 2 received for addition","service":"calculate-service"}
{"level":"info","message":"Parameters 1 and 2 received for addition","service":"calculate-service"}
{"level":"info","message":"Parameters 1 and 2 received for subtraction","service":"calculate-service"}
{"level":"info","message":"Parameters 1 and 2 received for addition","service":"calculate-service"}
{"level":"info","message":"Parameters 1 and 2 received for addition","service":"calculate-service"}
{"level":"info","message":"Parameters 1 and 2 received for addition","service":"calculate-service"}
{"level":"info","message":"Parameters 1 and 2 received for addition","service":"calculate-service"}
{"level":"info","message":"Parameters 1 and 2 received for addition","service":"calculate-service"}
{"level":"info","message":"Parameters 1 and 2 received for addition","service":"calculate-service"}
{"level":"info","message":"Parameters 1 and 2 received for addition","service":"calculate-service"}
{"level":"info","message":"Parameters 1 and 2 received for addition","service":"calculate-service"}
{"level":"info","message":"Parameters 1 and 2 received for subtraction","service":"calculate-service"}
{"level":"info","message":"Parameters 3 and 3 received for addition","service":"calculate-service"}
{"level":"info","message":"Parameters 4 and 4 received for addition","service":"calculate-service"}
{"level":"info","message":"Parameters 11 and 4 received for addition","service":"calculate-service"}
{"level":"info","message":"Parameters 3 and 3 received for addition","service":"calculate-service"}
{"level":"info","message":"Parameters 2 and 3 received for addition","service":"calculate-service"}
{"level":"info","message":"Parameters 3 and 3 received for addition","service":"calculate-service"}
{"level":"info","message":"Parameters 1 and 2 received for addition","service":"calculate-service"}
{"level":"info","message":"Parameters 3 and 3 received for addition","service":"calculate-service"}
{"level":"info","message":"Parameters 3 and 3 received for addition","service":"calculate-service"}
{"level":"info","message":"Parameters 2 and 2 received for addition","service":"calculate-service"}
{"level":"info","message":"Parameters 2 and 2 received for subtraction","service":"calculate-service"}
{"level":"info","message":"Parameters 2 and 2 received for multiplication","service":"calculate-service"}
{"level":"info","message":"Parameters 2 and 2 received for division","service":"calculate-service"}
{"level":"info","message":"Parameters 2 and 2 received for exponent","service":"calculate-service"}
{"level":"info","message":"Parameters 2 and 2 received for modulo","service":"calculate-service"}
{"level":"info","message":"Parameters 2 and 3 received for addition","service":"calculate-service"}
{"level":"info","message":"Parameters 2 and 3 received for subtraction","service":"calculate-service"}
{"level":"info","message":"Parameters 2 and 3 received for multiplication","service":"calculate-service"}
{"level":"info","message":"Parameters 2 and 3 received for division","service":"calculate-service"}
{"level":"info","message":"Parameters 2 and 3 received for exponent","service":"calculate-service"}
{"level":"info","message":"Parameters 2 and 3 received for modulo","service":"calculate-service"}
{"level":"info","message":"Parameters 1 and 3 received for addition","service":"calculate-service"}
{"level":"info","message":"Parameters 1.1 and 3 received for addition","service":"calculate-service"}
{"level":"error","message":"n2 is 0, division by 0 is not allowed","service":"calculate-service"}
{"level":"info","message":"Parameters 1 and 0 received for addition","service":"calculate-service"}
{"level":"info","message":"Parameters 3 and 3 received for addition","service":"calculate-service"}
{"level":"info","message":"Parameters 1 and 2 received for addition","service":"calculate-service"}
{"level":"info","message":"Parameters 1 and 0 received for addition","service":"calculate-service"}
{"level":"error","message":"n2 is 0, division by 0 is not allowed","service":"calculate-service"}
{"level":"info","message":"Parameters 1 and 1 received for addition","service":"calculate-service"}
{"level":"info","message":"Parameters 1 and 1 received for division","service":"calculate-service"}
{"level":"info","message":"Parameters 1 and 2 received for division","service":"calculate-service"}
{"level":"error","message":"n2 is incorrectly defined","service":"calculate-service"}
{"level":"error","message":"n2 is incorrectly defined","service":"calculate-service"}
{"level":"info","message":"Parameters 1 and 3 received for addition","service":"calculate-service"}
{"level":"info","message":"Parameters 6 and 7 received for addition","service":"calculate-service"}
{"level":"info","message":"Parameters 6 and 7 received for subtraction","service":"calculate-service"}
{"level":"info","message":"Parameters 6 and 7 received for multiplication","service":"calculate-service"}
{"level":"info","message":"Parameters 6 and 7 received for division","service":"calculate-service"}
{"level":"info","message":"Parameters 6 and 7 received for exponent","service":"calculate-service"}
{"level":"info","message":"Parameters 6 and 7 received for modulo","service":"calculate-service"}
{"level":"info","message":"Parameters 6 and 7 received for addition","service":"calculate-service"}
{"level":"info","message":"Parameters 6 and 7 received for addition","service":"calculate-service"}
{"level":"info","message":"Parameters 4 and 7 received for addition","service":"calculate-service"}
{"level":"info","message":"Parameters 4 and 7 received for addition","service":"calculate-service"}
{"level":"info","message":"Parameters 4 and 7 received for subtraction","service":"calculate-service"}
{"level":"info","message":"Parameters 4 and 7 received for multiplication","service":"calculate-service"}
{"level":"info","message":"Parameters 4 and 7 received for addition","service":"calculate-service"}
{"level":"info","message":"Parameters 4 and 7 received for division","service":"calculate-service"}
{"level":"info","message":"Parameters 4 and 7 received for addition","service":"calculate-service"}
{"level":"info","message":"Parameters 4 and 7 received for subtraction","service":"calculate-service"}
{"level":"info","message":"Parameters 4 and 7 received for multiplication","service":"calculate-service"}
{"level":"info","message":"Parameters 4 and 7 received for division","service":"calculate-service"}
{"level":"info","message":"Parameters 4 and 7 received for exponent","service":"calculate-service"}
{"level":"info","message":"Parameters 4 and 7 received for modulo","service":"calculate-service"}
{"level":"info","message":"Parameters 2 and 3 received for addition","service":"calculate-service"}
{"level":"info","message":"Parameters 2 received for square root","service":"calculate-service"}
{"level":"info","message":"Parameters 3 and 3 received for addition","service":"calculate-service"}
{"level":"info","message":"Parameters 3 received for square root","service":"calculate-service"}
{"level":"info","message":"Parameters 9 received for square root","service":"calculate-service"}
{"level":"info","message":"Parameters 9 received for square root","service":"calculate-service"}
{"level":"info","message":"Parameters 9 received for square root","service":"calculate-service"}
